\BOOKMARK [1][-]{section.1}{Introduction}{}% 1
\BOOKMARK [1][-]{section.2}{EVT and the Lorenz-96 model}{}% 2
\BOOKMARK [2][-]{subsection.2.1}{Lorenz-96 model simulations}{section.2}% 3
\BOOKMARK [2][-]{subsection.2.2}{Statistics of Extreme Events}{section.2}% 4
\BOOKMARK [3][-]{subsubsection.2.2.1}{Block-maxima approach}{subsection.2.2}% 5
\BOOKMARK [3][-]{subsubsection.2.2.2}{Method of Moments}{subsection.2.2}% 6
\BOOKMARK [2][-]{subsection.2.3}{Statistics of Extreme Events: Corrections and Results}{section.2}% 7
\BOOKMARK [3][-]{subsubsection.2.3.1}{Block-maxima approach}{subsection.2.3}% 8
\BOOKMARK [3][-]{subsubsection.2.3.2}{Method of Moments}{subsection.2.3}% 9
\BOOKMARK [1][-]{section.3}{LRT and the Lorenz-96 model}{}% 10
\BOOKMARK [2][-]{subsection.3.1}{Background}{section.3}% 11
\BOOKMARK [2][-]{subsection.3.2}{The Experiment}{section.3}% 12
\BOOKMARK [3][-]{subsubsection.3.2.1}{Energy}{subsection.3.2}% 13
\BOOKMARK [3][-]{subsubsection.3.2.2}{Above threshold occurrence of energy values}{subsection.3.2}% 14
\BOOKMARK [2][-]{subsection.3.3}{Results}{section.3}% 15
\BOOKMARK [3][-]{subsubsection.3.3.1}{Comments}{subsection.3.3}% 16
\BOOKMARK [2][-]{subsection.3.4}{A closer look at higher percentiles}{section.3}% 17
\BOOKMARK [2][-]{subsection.3.5}{Sinusoidal forcing}{section.3}% 18
\BOOKMARK [2][-]{subsection.3.6}{Occurrence of position observable}{section.3}% 19
\BOOKMARK [2][-]{subsection.3.7}{Prediction of changes in probability distributions}{section.3}% 20
\BOOKMARK [2][-]{subsection.3.8}{What next?}{section.3}% 21
\BOOKMARK [1][-]{section.4}{Predicting changes in extreme events distribution}{}% 22
