This is pdfTeX, Version 3.14159265-2.6-1.40.20 (TeX Live 2019/Debian) (preloaded format=pdflatex 2020.1.9)  31 JAN 2020 17:10
entering extended mode
 restricted \write18 enabled.
 %&-line parsing enabled.
**phd_report.tex
(./phd_report.tex
LaTeX2e <2018-12-01>
(/usr/share/texlive/texmf-dist/tex/latex/base/article.cls
Document Class: article 2018/09/03 v1.4i Standard LaTeX document class
(/usr/share/texlive/texmf-dist/tex/latex/base/size10.clo
File: size10.clo 2018/09/03 v1.4i Standard LaTeX file (size option)
)
\c@part=\count80
\c@section=\count81
\c@subsection=\count82
\c@subsubsection=\count83
\c@paragraph=\count84
\c@subparagraph=\count85
\c@figure=\count86
\c@table=\count87
\abovecaptionskip=\skip41
\belowcaptionskip=\skip42
\bibindent=\dimen102
)
(/usr/share/texlive/texmf-dist/tex/latex/amsmath/amsmath.sty
Package: amsmath 2018/12/01 v2.17b AMS math features
\@mathmargin=\skip43

For additional information on amsmath, use the `?' option.
(/usr/share/texlive/texmf-dist/tex/latex/amsmath/amstext.sty
Package: amstext 2000/06/29 v2.01 AMS text

(/usr/share/texlive/texmf-dist/tex/latex/amsmath/amsgen.sty
File: amsgen.sty 1999/11/30 v2.0 generic functions
\@emptytoks=\toks14
\ex@=\dimen103
))
(/usr/share/texlive/texmf-dist/tex/latex/amsmath/amsbsy.sty
Package: amsbsy 1999/11/29 v1.2d Bold Symbols
\pmbraise@=\dimen104
)
(/usr/share/texlive/texmf-dist/tex/latex/amsmath/amsopn.sty
Package: amsopn 2016/03/08 v2.02 operator names
)
\inf@bad=\count88
LaTeX Info: Redefining \frac on input line 223.
\uproot@=\count89
\leftroot@=\count90
LaTeX Info: Redefining \overline on input line 385.
\classnum@=\count91
\DOTSCASE@=\count92
LaTeX Info: Redefining \ldots on input line 482.
LaTeX Info: Redefining \dots on input line 485.
LaTeX Info: Redefining \cdots on input line 606.
\Mathstrutbox@=\box27
\strutbox@=\box28
\big@size=\dimen105
LaTeX Font Info:    Redeclaring font encoding OML on input line 729.
LaTeX Font Info:    Redeclaring font encoding OMS on input line 730.
\macc@depth=\count93
\c@MaxMatrixCols=\count94
\dotsspace@=\muskip10
\c@parentequation=\count95
\dspbrk@lvl=\count96
\tag@help=\toks15
\row@=\count97
\column@=\count98
\maxfields@=\count99
\andhelp@=\toks16
\eqnshift@=\dimen106
\alignsep@=\dimen107
\tagshift@=\dimen108
\tagwidth@=\dimen109
\totwidth@=\dimen110
\lineht@=\dimen111
\@envbody=\toks17
\multlinegap=\skip44
\multlinetaggap=\skip45
\mathdisplay@stack=\toks18
LaTeX Info: Redefining \[ on input line 2844.
LaTeX Info: Redefining \] on input line 2845.
)
(/usr/share/texlive/texmf-dist/tex/latex/graphics/graphicx.sty
Package: graphicx 2017/06/01 v1.1a Enhanced LaTeX Graphics (DPC,SPQR)

(/usr/share/texlive/texmf-dist/tex/latex/graphics/keyval.sty
Package: keyval 2014/10/28 v1.15 key=value parser (DPC)
\KV@toks@=\toks19
)
(/usr/share/texlive/texmf-dist/tex/latex/graphics/graphics.sty
Package: graphics 2017/06/25 v1.2c Standard LaTeX Graphics (DPC,SPQR)

(/usr/share/texlive/texmf-dist/tex/latex/graphics/trig.sty
Package: trig 2016/01/03 v1.10 sin cos tan (DPC)
)
(/usr/share/texlive/texmf-dist/tex/latex/graphics-cfg/graphics.cfg
File: graphics.cfg 2016/06/04 v1.11 sample graphics configuration
)
Package graphics Info: Driver file: pdftex.def on input line 99.

(/usr/share/texlive/texmf-dist/tex/latex/graphics-def/pdftex.def
File: pdftex.def 2018/01/08 v1.0l Graphics/color driver for pdftex
))
\Gin@req@height=\dimen112
\Gin@req@width=\dimen113
)
(/usr/share/texlive/texmf-dist/tex/latex/hyperref/hyperref.sty
Package: hyperref 2018/11/30 v6.88e Hypertext links for LaTeX

(/usr/share/texlive/texmf-dist/tex/generic/oberdiek/hobsub-hyperref.sty
Package: hobsub-hyperref 2016/05/16 v1.14 Bundle oberdiek, subset hyperref (HO)


(/usr/share/texlive/texmf-dist/tex/generic/oberdiek/hobsub-generic.sty
Package: hobsub-generic 2016/05/16 v1.14 Bundle oberdiek, subset generic (HO)
Package: hobsub 2016/05/16 v1.14 Construct package bundles (HO)
Package: infwarerr 2016/05/16 v1.4 Providing info/warning/error messages (HO)
Package: ltxcmds 2016/05/16 v1.23 LaTeX kernel commands for general use (HO)
Package: ifluatex 2016/05/16 v1.4 Provides the ifluatex switch (HO)
Package ifluatex Info: LuaTeX not detected.
Package: ifvtex 2016/05/16 v1.6 Detect VTeX and its facilities (HO)
Package ifvtex Info: VTeX not detected.
Package: intcalc 2016/05/16 v1.2 Expandable calculations with integers (HO)
Package: ifpdf 2018/09/07 v3.3 Provides the ifpdf switch
Package: etexcmds 2016/05/16 v1.6 Avoid name clashes with e-TeX commands (HO)
Package: kvsetkeys 2016/05/16 v1.17 Key value parser (HO)
Package: kvdefinekeys 2016/05/16 v1.4 Define keys (HO)
Package: pdftexcmds 2018/09/10 v0.29 Utility functions of pdfTeX for LuaTeX (HO
)
Package pdftexcmds Info: LuaTeX not detected.
Package pdftexcmds Info: \pdf@primitive is available.
Package pdftexcmds Info: \pdf@ifprimitive is available.
Package pdftexcmds Info: \pdfdraftmode found.
Package: pdfescape 2016/05/16 v1.14 Implements pdfTeX's escape features (HO)
Package: bigintcalc 2016/05/16 v1.4 Expandable calculations on big integers (HO
)
Package: bitset 2016/05/16 v1.2 Handle bit-vector datatype (HO)
Package: uniquecounter 2016/05/16 v1.3 Provide unlimited unique counter (HO)
)
Package hobsub Info: Skipping package `hobsub' (already loaded).
Package: letltxmacro 2016/05/16 v1.5 Let assignment for LaTeX macros (HO)
Package: hopatch 2016/05/16 v1.3 Wrapper for package hooks (HO)
Package: xcolor-patch 2016/05/16 xcolor patch
Package: atveryend 2016/05/16 v1.9 Hooks at the very end of document (HO)
Package atveryend Info: \enddocument detected (standard20110627).
Package: atbegshi 2016/06/09 v1.18 At begin shipout hook (HO)
Package: refcount 2016/05/16 v3.5 Data extraction from label references (HO)
Package: hycolor 2016/05/16 v1.8 Color options for hyperref/bookmark (HO)
)
(/usr/share/texlive/texmf-dist/tex/generic/ifxetex/ifxetex.sty
Package: ifxetex 2010/09/12 v0.6 Provides ifxetex conditional
)
(/usr/share/texlive/texmf-dist/tex/latex/oberdiek/auxhook.sty
Package: auxhook 2016/05/16 v1.4 Hooks for auxiliary files (HO)
)
(/usr/share/texlive/texmf-dist/tex/latex/oberdiek/kvoptions.sty
Package: kvoptions 2016/05/16 v3.12 Key value format for package options (HO)
)
\@linkdim=\dimen114
\Hy@linkcounter=\count100
\Hy@pagecounter=\count101

(/usr/share/texlive/texmf-dist/tex/latex/hyperref/pd1enc.def
File: pd1enc.def 2018/11/30 v6.88e Hyperref: PDFDocEncoding definition (HO)
Now handling font encoding PD1 ...
... no UTF-8 mapping file for font encoding PD1
)
\Hy@SavedSpaceFactor=\count102

(/usr/share/texlive/texmf-dist/tex/latex/latexconfig/hyperref.cfg
File: hyperref.cfg 2002/06/06 v1.2 hyperref configuration of TeXLive
)
Package hyperref Info: Hyper figures OFF on input line 4519.
Package hyperref Info: Link nesting OFF on input line 4524.
Package hyperref Info: Hyper index ON on input line 4527.
Package hyperref Info: Plain pages OFF on input line 4534.
Package hyperref Info: Backreferencing OFF on input line 4539.
Package hyperref Info: Implicit mode ON; LaTeX internals redefined.
Package hyperref Info: Bookmarks ON on input line 4772.
\c@Hy@tempcnt=\count103

(/usr/share/texlive/texmf-dist/tex/latex/url/url.sty
\Urlmuskip=\muskip11
Package: url 2013/09/16  ver 3.4  Verb mode for urls, etc.
)
LaTeX Info: Redefining \url on input line 5125.
\XeTeXLinkMargin=\dimen115
\Fld@menulength=\count104
\Field@Width=\dimen116
\Fld@charsize=\dimen117
Package hyperref Info: Hyper figures OFF on input line 6380.
Package hyperref Info: Link nesting OFF on input line 6385.
Package hyperref Info: Hyper index ON on input line 6388.
Package hyperref Info: backreferencing OFF on input line 6395.
Package hyperref Info: Link coloring OFF on input line 6400.
Package hyperref Info: Link coloring with OCG OFF on input line 6405.
Package hyperref Info: PDF/A mode OFF on input line 6410.
LaTeX Info: Redefining \ref on input line 6450.
LaTeX Info: Redefining \pageref on input line 6454.
\Hy@abspage=\count105
\c@Item=\count106
\c@Hfootnote=\count107
)
Package hyperref Info: Driver (autodetected): hpdftex.

(/usr/share/texlive/texmf-dist/tex/latex/hyperref/hpdftex.def
File: hpdftex.def 2018/11/30 v6.88e Hyperref driver for pdfTeX
\Fld@listcount=\count108
\c@bookmark@seq@number=\count109

(/usr/share/texlive/texmf-dist/tex/latex/oberdiek/rerunfilecheck.sty
Package: rerunfilecheck 2016/05/16 v1.8 Rerun checks for auxiliary files (HO)
Package uniquecounter Info: New unique counter `rerunfilecheck' on input line 2
82.
)
\Hy@SectionHShift=\skip46
)
(/usr/share/texlive/texmf-dist/tex/latex/caption/subcaption.sty
Package: subcaption 2018/05/01 v1.1-162 Sub-captions (AR)

(/usr/share/texlive/texmf-dist/tex/latex/caption/caption.sty
Package: caption 2018/10/06 v3.3-154 Customizing captions (AR)

(/usr/share/texlive/texmf-dist/tex/latex/caption/caption3.sty
Package: caption3 2018/09/12 v1.8c caption3 kernel (AR)
Package caption3 Info: TeX engine: e-TeX on input line 64.
\captionmargin=\dimen118
\captionmargin@=\dimen119
\captionwidth=\dimen120
\caption@tempdima=\dimen121
\caption@indent=\dimen122
\caption@parindent=\dimen123
\caption@hangindent=\dimen124
)
\c@caption@flags=\count110
\c@ContinuedFloat=\count111
Package caption Info: hyperref package is loaded.
)
\c@subfigure=\count112
\c@subtable=\count113
)
(/usr/share/texlive/texmf-dist/tex/latex/cleveref/cleveref.sty
Package: cleveref 2018/03/27 v0.21.4 Intelligent cross-referencing
Package cleveref Info: `hyperref' support loaded on input line 2370.
LaTeX Info: Redefining \cref on input line 2370.
LaTeX Info: Redefining \Cref on input line 2370.
LaTeX Info: Redefining \crefrange on input line 2370.
LaTeX Info: Redefining \Crefrange on input line 2370.
LaTeX Info: Redefining \cpageref on input line 2370.
LaTeX Info: Redefining \Cpageref on input line 2370.
LaTeX Info: Redefining \cpagerefrange on input line 2370.
LaTeX Info: Redefining \Cpagerefrange on input line 2370.
LaTeX Info: Redefining \labelcref on input line 2370.
LaTeX Info: Redefining \labelcpageref on input line 2370.
)
(/usr/share/texlive/texmf-dist/tex/latex/geometry/geometry.sty
Package: geometry 2018/04/16 v5.8 Page Geometry
\Gm@cnth=\count114
\Gm@cntv=\count115
\c@Gm@tempcnt=\count116
\Gm@bindingoffset=\dimen125
\Gm@wd@mp=\dimen126
\Gm@odd@mp=\dimen127
\Gm@even@mp=\dimen128
\Gm@layoutwidth=\dimen129
\Gm@layoutheight=\dimen130
\Gm@layouthoffset=\dimen131
\Gm@layoutvoffset=\dimen132
\Gm@dimlist=\toks20
)
(./phd_report.aux)
\openout1 = `phd_report.aux'.

LaTeX Font Info:    Checking defaults for OML/cmm/m/it on input line 14.
LaTeX Font Info:    ... okay on input line 14.
LaTeX Font Info:    Checking defaults for T1/cmr/m/n on input line 14.
LaTeX Font Info:    ... okay on input line 14.
LaTeX Font Info:    Checking defaults for OT1/cmr/m/n on input line 14.
LaTeX Font Info:    ... okay on input line 14.
LaTeX Font Info:    Checking defaults for OMS/cmsy/m/n on input line 14.
LaTeX Font Info:    ... okay on input line 14.
LaTeX Font Info:    Checking defaults for OMX/cmex/m/n on input line 14.
LaTeX Font Info:    ... okay on input line 14.
LaTeX Font Info:    Checking defaults for U/cmr/m/n on input line 14.
LaTeX Font Info:    ... okay on input line 14.
LaTeX Font Info:    Checking defaults for PD1/pdf/m/n on input line 14.
LaTeX Font Info:    ... okay on input line 14.

(/usr/share/texlive/texmf-dist/tex/context/base/mkii/supp-pdf.mkii
[Loading MPS to PDF converter (version 2006.09.02).]
\scratchcounter=\count117
\scratchdimen=\dimen133
\scratchbox=\box29
\nofMPsegments=\count118
\nofMParguments=\count119
\everyMPshowfont=\toks21
\MPscratchCnt=\count120
\MPscratchDim=\dimen134
\MPnumerator=\count121
\makeMPintoPDFobject=\count122
\everyMPtoPDFconversion=\toks22
) (/usr/share/texlive/texmf-dist/tex/latex/oberdiek/epstopdf-base.sty
Package: epstopdf-base 2016/05/15 v2.6 Base part for package epstopdf

(/usr/share/texlive/texmf-dist/tex/latex/oberdiek/grfext.sty
Package: grfext 2016/05/16 v1.2 Manage graphics extensions (HO)
)
Package epstopdf-base Info: Redefining graphics rule for `.eps' on input line 4
38.
Package grfext Info: Graphics extension search list:
(grfext)             [.pdf,.png,.jpg,.mps,.jpeg,.jbig2,.jb2,.PDF,.PNG,.JPG,.JPE
G,.JBIG2,.JB2,.eps]
(grfext)             \AppendGraphicsExtensions on input line 456.

(/usr/share/texlive/texmf-dist/tex/latex/latexconfig/epstopdf-sys.cfg
File: epstopdf-sys.cfg 2010/07/13 v1.3 Configuration of (r)epstopdf for TeX Liv
e
))
\AtBeginShipoutBox=\box30
Package hyperref Info: Link coloring OFF on input line 14.

(/usr/share/texlive/texmf-dist/tex/latex/hyperref/nameref.sty
Package: nameref 2016/05/21 v2.44 Cross-referencing by name of section

(/usr/share/texlive/texmf-dist/tex/generic/oberdiek/gettitlestring.sty
Package: gettitlestring 2016/05/16 v1.5 Cleanup title references (HO)
)
\c@section@level=\count123
)
LaTeX Info: Redefining \ref on input line 14.
LaTeX Info: Redefining \pageref on input line 14.
LaTeX Info: Redefining \nameref on input line 14.

(./phd_report.out) (./phd_report.out)
\@outlinefile=\write3
\openout3 = `phd_report.out'.

Package caption Info: Begin \AtBeginDocument code.
Package caption Info: End \AtBeginDocument code.

*geometry* driver: auto-detecting
*geometry* detected driver: pdftex
*geometry* verbose mode - [ preamble ] result:
* driver: pdftex
* paper: <default>
* layout: <same size as paper>
* layoutoffset:(h,v)=(0.0pt,0.0pt)
* modes: 
* h-part:(L,W,R)=(72.26999pt, 469.75502pt, 72.26999pt)
* v-part:(T,H,B)=(72.26999pt, 650.43001pt, 72.26999pt)
* \paperwidth=614.295pt
* \paperheight=794.96999pt
* \textwidth=469.75502pt
* \textheight=650.43001pt
* \oddsidemargin=0.0pt
* \evensidemargin=0.0pt
* \topmargin=-37.0pt
* \headheight=12.0pt
* \headsep=25.0pt
* \topskip=10.0pt
* \footskip=30.0pt
* \marginparwidth=65.0pt
* \marginparsep=11.0pt
* \columnsep=10.0pt
* \skip\footins=9.0pt plus 4.0pt minus 2.0pt
* \hoffset=0.0pt
* \voffset=0.0pt
* \mag=1000
* \@twocolumnfalse
* \@twosidefalse
* \@mparswitchfalse
* \@reversemarginfalse
* (1in=72.27pt=25.4mm, 1cm=28.453pt)

(./phd_report.toc)
\tf@toc=\write4
\openout4 = `phd_report.toc'.

 [1

{/var/lib/texmf/fonts/map/pdftex/updmap/pdftex.map}]
LaTeX Font Info:    Try loading font information for OMS+cmr on input line 24.

(/usr/share/texlive/texmf-dist/tex/latex/base/omscmr.fd
File: omscmr.fd 2014/09/29 v2.5h Standard LaTeX font definitions
)
LaTeX Font Info:    Font shape `OMS/cmr/m/n' in size <10> not available
(Font)              Font shape `OMS/cmsy/m/n' tried instead on input line 24.
 [2] [3]
<fig/shape_gev_mle_RK401_1e7_maxt05_1e7.png, id=177, 512.6352pt x 384.4764pt>
File: fig/shape_gev_mle_RK401_1e7_maxt05_1e7.png Graphic file (type png)
<use fig/shape_gev_mle_RK401_1e7_maxt05_1e7.png>
Package pdftex.def Info: fig/shape_gev_mle_RK401_1e7_maxt05_1e7.png  used on in
put line 151.
(pdftex.def)             Requested size: 469.75502pt x 352.32045pt.
<fig/modscale_gev_mle_RK401_1e7_maxt05_1e7.png, id=178, 512.6352pt x 384.4764pt
>
File: fig/modscale_gev_mle_RK401_1e7_maxt05_1e7.png Graphic file (type png)
<use fig/modscale_gev_mle_RK401_1e7_maxt05_1e7.png>
Package pdftex.def Info: fig/modscale_gev_mle_RK401_1e7_maxt05_1e7.png  used on
 input line 157.
(pdftex.def)             Requested size: 469.75502pt x 352.32045pt.
<fig/shape_mom_RK401_1e7_maxt05_1e7.png, id=181, 569.0058pt x 375.5631pt>
File: fig/shape_mom_RK401_1e7_maxt05_1e7.png Graphic file (type png)
<use fig/shape_mom_RK401_1e7_maxt05_1e7.png>
Package pdftex.def Info: fig/shape_mom_RK401_1e7_maxt05_1e7.png  used on input 
line 166.
(pdftex.def)             Requested size: 469.75502pt x 310.0554pt.
<fig/modscale_mom_RK401_1e7_maxt05_1e7.png, id=182, 569.0058pt x 375.5631pt>
File: fig/modscale_mom_RK401_1e7_maxt05_1e7.png Graphic file (type png)
<use fig/modscale_mom_RK401_1e7_maxt05_1e7.png>
Package pdftex.def Info: fig/modscale_mom_RK401_1e7_maxt05_1e7.png  used on inp
ut line 172.
(pdftex.def)             Requested size: 469.75502pt x 310.0554pt.
 [4] [5 <./fig/shape_gev_mle_RK401_1e7_maxt05_1e7.png>] [6 <./fig/modscale_gev_
mle_RK401_1e7_maxt05_1e7.png>] [7 <./fig/shape_mom_RK401_1e7_maxt05_1e7.png>] [
8 <./fig/modscale_mom_RK401_1e7_maxt05_1e7.png>] [9] [10]
<fig/pred_below_S_30.png, id=262, 1084.05pt x 1445.4pt>
File: fig/pred_below_S_30.png Graphic file (type png)
<use fig/pred_below_S_30.png>
Package pdftex.def Info: fig/pred_below_S_30.png  used on input line 292.
(pdftex.def)             Requested size: 422.77664pt x 563.70374pt.
<fig/pred_below_L_003_100.png, id=264, 1084.05pt x 1445.4pt>
File: fig/pred_below_L_003_100.png Graphic file (type png)
<use fig/pred_below_L_003_100.png>
Package pdftex.def Info: fig/pred_below_L_003_100.png  used on input line 300.
(pdftex.def)             Requested size: 422.77664pt x 563.70374pt.


LaTeX Warning: `!h' float specifier changed to `!ht'.

<fig/pred_below_L_03_10.png, id=265, 1084.05pt x 1445.4pt>
File: fig/pred_below_L_03_10.png Graphic file (type png)
<use fig/pred_below_L_03_10.png>
Package pdftex.def Info: fig/pred_below_L_03_10.png  used on input line 308.
(pdftex.def)             Requested size: 422.77664pt x 563.70374pt.

LaTeX Warning: `!h' float specifier changed to `!ht'.

[11]

LaTeX Warning: Text page 12 contains only floats.

[12 <./fig/pred_below_S_30.png>]

LaTeX Warning: Text page 13 contains only floats.

[13 <./fig/pred_below_L_003_100.png>]

LaTeX Warning: Text page 14 contains only floats.

[14 <./fig/pred_below_L_03_10.png>]
<fig/pred_energy_bin_00q_099q_S_30.png, id=296, 433.62pt x 289.08pt>
File: fig/pred_energy_bin_00q_099q_S_30.png Graphic file (type png)
<use fig/pred_energy_bin_00q_099q_S_30.png>
Package pdftex.def Info: fig/pred_energy_bin_00q_099q_S_30.png  used on input l
ine 343.
(pdftex.def)             Requested size: 225.4804pt x 150.32245pt.
<fig/pred_energy_exceed_099q_S_30.png, id=297, 433.62pt x 289.08pt>
File: fig/pred_energy_exceed_099q_S_30.png Graphic file (type png)
<use fig/pred_energy_exceed_099q_S_30.png>
Package pdftex.def Info: fig/pred_energy_exceed_099q_S_30.png  used on input li
ne 348.
(pdftex.def)             Requested size: 225.4804pt x 150.32245pt.
<fig/pred_energy_bin_00q_099q_L_03_10.png, id=298, 433.62pt x 289.08pt>
File: fig/pred_energy_bin_00q_099q_L_03_10.png Graphic file (type png)
<use fig/pred_energy_bin_00q_099q_L_03_10.png>
Package pdftex.def Info: fig/pred_energy_bin_00q_099q_L_03_10.png  used on inpu
t line 353.
(pdftex.def)             Requested size: 225.4804pt x 150.32245pt.
<fig/pred_energy_exceed_099q_L_03_10.png, id=299, 433.62pt x 289.08pt>
File: fig/pred_energy_exceed_099q_L_03_10.png Graphic file (type png)
<use fig/pred_energy_exceed_099q_L_03_10.png>
Package pdftex.def Info: fig/pred_energy_exceed_099q_L_03_10.png  used on input
 line 358.
(pdftex.def)             Requested size: 225.4804pt x 150.32245pt.
<fig/pred_energy_bin_00q_099q_L_003_100.png, id=300, 433.62pt x 289.08pt>
File: fig/pred_energy_bin_00q_099q_L_003_100.png Graphic file (type png)
<use fig/pred_energy_bin_00q_099q_L_003_100.png>
Package pdftex.def Info: fig/pred_energy_bin_00q_099q_L_003_100.png  used on in
put line 363.
(pdftex.def)             Requested size: 225.4804pt x 150.32245pt.
<fig/pred_energy_exceed_099q_L_003_100.png, id=301, 433.62pt x 289.08pt>
File: fig/pred_energy_exceed_099q_L_003_100.png Graphic file (type png)
<use fig/pred_energy_exceed_099q_L_003_100.png>
Package pdftex.def Info: fig/pred_energy_exceed_099q_L_003_100.png  used on inp
ut line 368.
(pdftex.def)             Requested size: 225.4804pt x 150.32245pt.
<fig/pred_energy_exceed_099q_L_03_10_2.png, id=302, 433.62pt x 289.08pt>
File: fig/pred_energy_exceed_099q_L_03_10_2.png Graphic file (type png)
<use fig/pred_energy_exceed_099q_L_03_10_2.png>
Package pdftex.def Info: fig/pred_energy_exceed_099q_L_03_10_2.png  used on inp
ut line 379.
(pdftex.def)             Requested size: 225.4804pt x 150.32245pt.
<fig/pred_energy_exceed_099q_L_003_100_2.png, id=303, 433.62pt x 289.08pt>
File: fig/pred_energy_exceed_099q_L_003_100_2.png Graphic file (type png)
<use fig/pred_energy_exceed_099q_L_003_100_2.png>
Package pdftex.def Info: fig/pred_energy_exceed_099q_L_003_100_2.png  used on i
nput line 384.
(pdftex.def)             Requested size: 225.4804pt x 150.32245pt.
<fig/pred_energy_exceed_099q_L_02_10.png, id=304, 433.62pt x 289.08pt>
File: fig/pred_energy_exceed_099q_L_02_10.png Graphic file (type png)
<use fig/pred_energy_exceed_099q_L_02_10.png>
Package pdftex.def Info: fig/pred_energy_exceed_099q_L_02_10.png  used on input
 line 389.
(pdftex.def)             Requested size: 225.4804pt x 150.32245pt.
<fig/pred_energy_exceed_099q_L_002_100.png, id=305, 433.62pt x 289.08pt>
File: fig/pred_energy_exceed_099q_L_002_100.png Graphic file (type png)
<use fig/pred_energy_exceed_099q_L_002_100.png>
Package pdftex.def Info: fig/pred_energy_exceed_099q_L_002_100.png  used on inp
ut line 394.
(pdftex.def)             Requested size: 225.4804pt x 150.32245pt.
<fig/pred_energy_exceed_099q_L_01_10.png, id=306, 433.62pt x 289.08pt>
File: fig/pred_energy_exceed_099q_L_01_10.png Graphic file (type png)
<use fig/pred_energy_exceed_099q_L_01_10.png>
Package pdftex.def Info: fig/pred_energy_exceed_099q_L_01_10.png  used on input
 line 399.
(pdftex.def)             Requested size: 225.4804pt x 150.32245pt.
<fig/pred_energy_exceed_099q_L_001_100.png, id=307, 433.62pt x 289.08pt>
File: fig/pred_energy_exceed_099q_L_001_100.png Graphic file (type png)
<use fig/pred_energy_exceed_099q_L_001_100.png>
Package pdftex.def Info: fig/pred_energy_exceed_099q_L_001_100.png  used on inp
ut line 404.
(pdftex.def)             Requested size: 225.4804pt x 150.32245pt.
 [15] [16 <./fig/pred_energy_bin_00q_099q_S_30.png> <./fig/pred_energy_exceed_0
99q_S_30.png> <./fig/pred_energy_bin_00q_099q_L_03_10.png> <./fig/pred_energy_e
xceed_099q_L_03_10.png> <./fig/pred_energy_bin_00q_099q_L_003_100.png> <./fig/p
red_energy_exceed_099q_L_003_100.png>]
[17 <./fig/pred_energy_exceed_099q_L_03_10_2.png> <./fig/pred_energy_exceed_099
q_L_003_100_2.png> <./fig/pred_energy_exceed_099q_L_02_10.png> <./fig/pred_ener
gy_exceed_099q_L_002_100.png> <./fig/pred_energy_exceed_099q_L_01_10.png> <./fi
g/pred_energy_exceed_099q_L_001_100.png>]
<fig/pred_energy_below_SinF_8_10_01_0_100.png, id=337, 1084.05pt x 1445.4pt>
File: fig/pred_energy_below_SinF_8_10_01_0_100.png Graphic file (type png)
<use fig/pred_energy_below_SinF_8_10_01_0_100.png>
Package pdftex.def Info: fig/pred_energy_below_SinF_8_10_01_0_100.png  used on 
input line 427.
(pdftex.def)             Requested size: 352.31207pt x 469.75502pt.
 [18

 <./fig/pred_energy_below_SinF_8_10_01_0_100.png>]
<fig/pred_position_below_LF_8_001_0_100.png, id=347, 1084.05pt x 1445.4pt>
File: fig/pred_position_below_LF_8_001_0_100.png Graphic file (type png)
<use fig/pred_position_below_LF_8_001_0_100.png>
Package pdftex.def Info: fig/pred_position_below_LF_8_001_0_100.png  used on in
put line 462.
(pdftex.def)             Requested size: 422.77664pt x 563.70374pt.
<fig/pred_position_below_SinF_8_10_01_0_100.png, id=348, 1084.05pt x 1445.4pt>
File: fig/pred_position_below_SinF_8_10_01_0_100.png Graphic file (type png)
<use fig/pred_position_below_SinF_8_10_01_0_100.png>
Package pdftex.def Info: fig/pred_position_below_SinF_8_10_01_0_100.png  used o
n input line 470.
(pdftex.def)             Requested size: 422.77664pt x 563.70374pt.


LaTeX Warning: `!h' float specifier changed to `!ht'.

[19

]

LaTeX Warning: Text page 20 contains only floats.

[20 <./fig/pred_position_below_LF_8_001_0_100.png>]

LaTeX Warning: Text page 21 contains only floats.

[21 <./fig/pred_position_below_SinF_8_10_01_0_100.png>]
<fig/pred_cdf_energy_below_L_001_100.png, id=369, 433.62pt x 289.08pt>
File: fig/pred_cdf_energy_below_L_001_100.png Graphic file (type png)
<use fig/pred_cdf_energy_below_L_001_100.png>
Package pdftex.def Info: fig/pred_cdf_energy_below_L_001_100.png  used on input
 line 507.
(pdftex.def)             Requested size: 225.4804pt x 150.32245pt.
<fig/pred_cdf_energy_below_L_002_100.png, id=370, 433.62pt x 289.08pt>
File: fig/pred_cdf_energy_below_L_002_100.png Graphic file (type png)
<use fig/pred_cdf_energy_below_L_002_100.png>
Package pdftex.def Info: fig/pred_cdf_energy_below_L_002_100.png  used on input
 line 512.
(pdftex.def)             Requested size: 225.4804pt x 150.32245pt.
<fig/pred_pdf_energy_below_L_001_100.png, id=371, 433.62pt x 289.08pt>
File: fig/pred_pdf_energy_below_L_001_100.png Graphic file (type png)
<use fig/pred_pdf_energy_below_L_001_100.png>
Package pdftex.def Info: fig/pred_pdf_energy_below_L_001_100.png  used on input
 line 517.
(pdftex.def)             Requested size: 225.4804pt x 150.32245pt.
<fig/pred_pdf_energy_below_L_002_100.png, id=372, 433.62pt x 289.08pt>
File: fig/pred_pdf_energy_below_L_002_100.png Graphic file (type png)
<use fig/pred_pdf_energy_below_L_002_100.png>
Package pdftex.def Info: fig/pred_pdf_energy_below_L_002_100.png  used on input
 line 522.
(pdftex.def)             Requested size: 225.4804pt x 150.32245pt.
<fig/pred_pdf_zoom_energy_below_L_001_100.png, id=373, 433.62pt x 289.08pt>
File: fig/pred_pdf_zoom_energy_below_L_001_100.png Graphic file (type png)
<use fig/pred_pdf_zoom_energy_below_L_001_100.png>
Package pdftex.def Info: fig/pred_pdf_zoom_energy_below_L_001_100.png  used on 
input line 527.
(pdftex.def)             Requested size: 225.4804pt x 150.32245pt.
<fig/pred_pdf_zoom_energy_below_L_002_100.png, id=374, 433.62pt x 289.08pt>
File: fig/pred_pdf_zoom_energy_below_L_002_100.png Graphic file (type png)
<use fig/pred_pdf_zoom_energy_below_L_002_100.png>
Package pdftex.def Info: fig/pred_pdf_zoom_energy_below_L_002_100.png  used on 
input line 532.
(pdftex.def)             Requested size: 225.4804pt x 150.32245pt.
<fig/pred_cdf_position_below_L_001_100.png, id=375, 433.62pt x 289.08pt>
File: fig/pred_cdf_position_below_L_001_100.png Graphic file (type png)
<use fig/pred_cdf_position_below_L_001_100.png>
Package pdftex.def Info: fig/pred_cdf_position_below_L_001_100.png  used on inp
ut line 544.
(pdftex.def)             Requested size: 225.4804pt x 150.32245pt.
<fig/pred_cdf_position_below_L_002_100.png, id=376, 433.62pt x 289.08pt>
File: fig/pred_cdf_position_below_L_002_100.png Graphic file (type png)
<use fig/pred_cdf_position_below_L_002_100.png>
Package pdftex.def Info: fig/pred_cdf_position_below_L_002_100.png  used on inp
ut line 549.
(pdftex.def)             Requested size: 225.4804pt x 150.32245pt.
<fig/pred_pdf_position_below_L_001_100.png, id=377, 433.62pt x 289.08pt>
File: fig/pred_pdf_position_below_L_001_100.png Graphic file (type png)
<use fig/pred_pdf_position_below_L_001_100.png>
Package pdftex.def Info: fig/pred_pdf_position_below_L_001_100.png  used on inp
ut line 554.
(pdftex.def)             Requested size: 225.4804pt x 150.32245pt.
<fig/pred_pdf_position_below_L_002_100.png, id=378, 433.62pt x 289.08pt>
File: fig/pred_pdf_position_below_L_002_100.png Graphic file (type png)
<use fig/pred_pdf_position_below_L_002_100.png>
Package pdftex.def Info: fig/pred_pdf_position_below_L_002_100.png  used on inp
ut line 559.
(pdftex.def)             Requested size: 225.4804pt x 150.32245pt.
 [22

] [23 <./fig/pred_cdf_energy_below_L_001_100.png> <./fig/pred_cdf_energy_below_
L_002_100.png> <./fig/pred_pdf_energy_below_L_001_100.png> <./fig/pred_pdf_ener
gy_below_L_002_100.png> <./fig/pred_pdf_zoom_energy_below_L_001_100.png> <./fig
/pred_pdf_zoom_energy_below_L_002_100.png>] [24 <./fig/pred_cdf_position_below_
L_001_100.png> <./fig/pred_cdf_position_below_L_002_100.png> <./fig/pred_pdf_po
sition_below_L_001_100.png> <./fig/pred_pdf_position_below_L_002_100.png>] (./p
hd_report.bbl)
Package atveryend Info: Empty hook `BeforeClearDocument' on input line 606.

[25

]
Package atveryend Info: Empty hook `AfterLastShipout' on input line 606.
 (./phd_report.aux)
Package atveryend Info: Executing hook `AtVeryEndDocument' on input line 606.
Package atveryend Info: Executing hook `AtEndAfterFileList' on input line 606.
Package rerunfilecheck Info: File `phd_report.out' has not changed.
(rerunfilecheck)             Checksum: B578C4C572726EF0501A8CFAC0F41EE6;1638.
Package atveryend Info: Empty hook `AtVeryVeryEnd' on input line 606.
 ) 
Here is how much of TeX's memory you used:
 9238 strings out of 494553
 159116 string characters out of 6177378
 254273 words of memory out of 5000000
 12702 multiletter control sequences out of 15000+600000
 11026 words of font info for 40 fonts, out of 8000000 for 9000
 14 hyphenation exceptions out of 8191
 42i,8n,40p,536b,508s stack positions out of 5000i,500n,10000p,200000b,80000s
</usr/share/texlive/texmf-dist/fonts/type1/public/amsfonts/cm/cmbx10.pfb></us
r/share/texlive/texmf-dist/fonts/type1/public/amsfonts/cm/cmbx12.pfb></usr/shar
e/texlive/texmf-dist/fonts/type1/public/amsfonts/cm/cmex10.pfb></usr/share/texl
ive/texmf-dist/fonts/type1/public/amsfonts/cm/cmmi10.pfb></usr/share/texlive/te
xmf-dist/fonts/type1/public/amsfonts/cm/cmmi5.pfb></usr/share/texlive/texmf-dis
t/fonts/type1/public/amsfonts/cm/cmmi6.pfb></usr/share/texlive/texmf-dist/fonts
/type1/public/amsfonts/cm/cmmi7.pfb></usr/share/texlive/texmf-dist/fonts/type1/
public/amsfonts/cm/cmmi9.pfb></usr/share/texlive/texmf-dist/fonts/type1/public/
amsfonts/cm/cmr10.pfb></usr/share/texlive/texmf-dist/fonts/type1/public/amsfont
s/cm/cmr12.pfb></usr/share/texlive/texmf-dist/fonts/type1/public/amsfonts/cm/cm
r17.pfb></usr/share/texlive/texmf-dist/fonts/type1/public/amsfonts/cm/cmr5.pfb>
</usr/share/texlive/texmf-dist/fonts/type1/public/amsfonts/cm/cmr6.pfb></usr/sh
are/texlive/texmf-dist/fonts/type1/public/amsfonts/cm/cmr7.pfb></usr/share/texl
ive/texmf-dist/fonts/type1/public/amsfonts/cm/cmr8.pfb></usr/share/texlive/texm
f-dist/fonts/type1/public/amsfonts/cm/cmr9.pfb></usr/share/texlive/texmf-dist/f
onts/type1/public/amsfonts/cm/cmsy10.pfb></usr/share/texlive/texmf-dist/fonts/t
ype1/public/amsfonts/cm/cmsy7.pfb></usr/share/texlive/texmf-dist/fonts/type1/pu
blic/amsfonts/cm/cmti10.pfb></usr/share/texlive/texmf-dist/fonts/type1/public/a
msfonts/cm/cmti8.pfb></usr/share/texlive/texmf-dist/fonts/type1/public/amsfonts
/cm/cmtt10.pfb>
Output written on phd_report.pdf (25 pages, 2980615 bytes).
PDF statistics:
 510 PDF objects out of 1000 (max. 8388607)
 394 compressed objects within 4 object streams
 113 named destinations out of 1000 (max. 500000)
 337 words of extra memory for PDF output out of 10000 (max. 10000000)

